<?xml version="1.0" encoding="UTF-8"?>
<!-- Generated by org.testng.reporters.JUnitReportReporter -->
<testsuite hostname="DESKTOP-PUH6HUM" failures="0" tests="1" name="tests.HomePageTests" time="0.378" errors="0" timestamp="2025-01-16T10:52:32 IST" skipped="0">
  <testcase classname="tests.HomePageTests" name="verifyLoginButtonVisible" time="0.378"/>
</testsuite> <!-- tests.HomePageTests -->
